Added Component: Designator=C1(CAP EIA 0603)
Add component. Clean all parameters for all variants
Add component (AddParameter): Name = "Group"; Value = "Конденсаторы"; VariantName = "[No Variations]"
Add component (AddParameter): Name = "Manufacturer"; Value = ""; VariantName = "[No Variations]"
Add component (AddParameter): Name = "Name"; Value = ""; VariantName = "[No Variations]"
Add component (AddParameter): Name = "Supplier"; Value = ""; VariantName = "[No Variations]"
Add component (AddParameter): Name = "Value"; Value = "0.1uF"; VariantName = "[No Variations]"
Added Component: Designator=C2(CAP EIA 0603)
Add component. Clean all parameters for all variants
Add component (AddParameter): Name = "Group"; Value = "Конденсаторы"; VariantName = "[No Variations]"
Add component (AddParameter): Name = "Manufacturer"; Value = ""; VariantName = "[No Variations]"
Add component (AddParameter): Name = "Name"; Value = ""; VariantName = "[No Variations]"
Add component (AddParameter): Name = "Supplier"; Value = ""; VariantName = "[No Variations]"
Add component (AddParameter): Name = "Value"; Value = "100nF"; VariantName = "[No Variations]"
Added Component: Designator=C3(CAP EIA 0603)
Add component. Clean all parameters for all variants
Add component (AddParameter): Name = "Group"; Value = "Конденсаторы"; VariantName = "[No Variations]"
Add component (AddParameter): Name = "Manufacturer"; Value = ""; VariantName = "[No Variations]"
Add component (AddParameter): Name = "Name"; Value = ""; VariantName = "[No Variations]"
Add component (AddParameter): Name = "Supplier"; Value = ""; VariantName = "[No Variations]"
Add component (AddParameter): Name = "Value"; Value = ""; VariantName = "[No Variations]"
Added Component: Designator=C4(CAP EIA 0603)
Add component. Clean all parameters for all variants
Add component (AddParameter): Name = "Group"; Value = "Конденсаторы"; VariantName = "[No Variations]"
Add component (AddParameter): Name = "Manufacturer"; Value = ""; VariantName = "[No Variations]"
Add component (AddParameter): Name = "Name"; Value = ""; VariantName = "[No Variations]"
Add component (AddParameter): Name = "Supplier"; Value = ""; VariantName = "[No Variations]"
Add component (AddParameter): Name = "Value"; Value = ""; VariantName = "[No Variations]"
Added Component: Designator=DD2(BMP180)
Add component. Clean all parameters for all variants
Add component (AddParameter): Name = "Group"; Value = "Микросхемы"; VariantName = "[No Variations]"
Add component (AddParameter): Name = "Manufacturer"; Value = "Bosch"; VariantName = "[No Variations]"
Add component (AddParameter): Name = "Name"; Value = "BMP180"; VariantName = "[No Variations]"
Add component (AddParameter): Name = "Supplier"; Value = "www.elsin.ru"; VariantName = "[No Variations]"
Add component (AddParameter): Name = "Value"; Value = ""; VariantName = "[No Variations]"
Added Component: Designator=DD3(MS5611)
Add component. Clean all parameters for all variants
Added Component: Designator=DD?(ESP8266 ESP-12-E)
Add component. Clean all parameters for all variants
Added Component: Designator=R1(RES EIA 0603)
Add component. Clean all parameters for all variants
Add component (AddParameter): Name = "Group"; Value = "Резисторы"; VariantName = "[No Variations]"
Add component (AddParameter): Name = "Manufacturer"; Value = ""; VariantName = "[No Variations]"
Add component (AddParameter): Name = "Name"; Value = ""; VariantName = "[No Variations]"
Add component (AddParameter): Name = "Supplier"; Value = ""; VariantName = "[No Variations]"
Add component (AddParameter): Name = "Value"; Value = "10k"; VariantName = "[No Variations]"
Added Component: Designator=R2(RES EIA 0603)
Add component. Clean all parameters for all variants
Add component (AddParameter): Name = "Group"; Value = "Резисторы"; VariantName = "[No Variations]"
Add component (AddParameter): Name = "Manufacturer"; Value = ""; VariantName = "[No Variations]"
Add component (AddParameter): Name = "Name"; Value = ""; VariantName = "[No Variations]"
Add component (AddParameter): Name = "Supplier"; Value = ""; VariantName = "[No Variations]"
Add component (AddParameter): Name = "Value"; Value = "10k"; VariantName = "[No Variations]"
Added Component: Designator=R3(RES EIA 0603)
Add component. Clean all parameters for all variants
Add component (AddParameter): Name = "Group"; Value = "Резисторы"; VariantName = "[No Variations]"
Add component (AddParameter): Name = "Manufacturer"; Value = ""; VariantName = "[No Variations]"
Add component (AddParameter): Name = "Name"; Value = ""; VariantName = "[No Variations]"
Add component (AddParameter): Name = "Supplier"; Value = ""; VariantName = "[No Variations]"
Add component (AddParameter): Name = "Value"; Value = "470"; VariantName = "[No Variations]"
Added Component: Designator=R4(RES EIA 0402)
Add component. Clean all parameters for all variants
Add component (AddParameter): Name = "Group"; Value = "Резисторы"; VariantName = "[No Variations]"
Add component (AddParameter): Name = "Manufacturer"; Value = ""; VariantName = "[No Variations]"
Add component (AddParameter): Name = "Name"; Value = ""; VariantName = "[No Variations]"
Add component (AddParameter): Name = "Supplier"; Value = ""; VariantName = "[No Variations]"
Add component (AddParameter): Name = "Value"; Value = "0"; VariantName = "[No Variations]"
Added Component: Designator=R5(RES EIA 0402)
Add component. Clean all parameters for all variants
Add component (AddParameter): Name = "Group"; Value = "Резисторы"; VariantName = "[No Variations]"
Add component (AddParameter): Name = "Manufacturer"; Value = ""; VariantName = "[No Variations]"
Add component (AddParameter): Name = "Name"; Value = ""; VariantName = "[No Variations]"
Add component (AddParameter): Name = "Supplier"; Value = ""; VariantName = "[No Variations]"
Add component (AddParameter): Name = "Value"; Value = "0"; VariantName = "[No Variations]"
Added Component: Designator=R6(RES EIA 0603)
Add component. Clean all parameters for all variants
Add component (AddParameter): Name = "Group"; Value = "Резисторы"; VariantName = "[No Variations]"
Add component (AddParameter): Name = "Manufacturer"; Value = ""; VariantName = "[No Variations]"
Add component (AddParameter): Name = "Name"; Value = ""; VariantName = "[No Variations]"
Add component (AddParameter): Name = "Supplier"; Value = ""; VariantName = "[No Variations]"
Add component (AddParameter): Name = "Value"; Value = "10k"; VariantName = "[No Variations]"
Added Component: Designator=R7(RES EIA 0603)
Add component. Clean all parameters for all variants
Add component (AddParameter): Name = "Group"; Value = "Резисторы"; VariantName = "[No Variations]"
Add component (AddParameter): Name = "Manufacturer"; Value = ""; VariantName = "[No Variations]"
Add component (AddParameter): Name = "Name"; Value = ""; VariantName = "[No Variations]"
Add component (AddParameter): Name = "Supplier"; Value = ""; VariantName = "[No Variations]"
Add component (AddParameter): Name = "Value"; Value = "10k"; VariantName = "[No Variations]"
Added Component: Designator=R8(RES EIA 0603)
Add component. Clean all parameters for all variants
Add component (AddParameter): Name = "Group"; Value = "Резисторы"; VariantName = "[No Variations]"
Add component (AddParameter): Name = "Manufacturer"; Value = ""; VariantName = "[No Variations]"
Add component (AddParameter): Name = "Name"; Value = ""; VariantName = "[No Variations]"
Add component (AddParameter): Name = "Supplier"; Value = ""; VariantName = "[No Variations]"
Add component (AddParameter): Name = "Value"; Value = "10k"; VariantName = "[No Variations]"
Added Component: Designator=R9(RES EIA 0603)
Add component. Clean all parameters for all variants
Add component (AddParameter): Name = "Group"; Value = "Резисторы"; VariantName = "[No Variations]"
Add component (AddParameter): Name = "Manufacturer"; Value = ""; VariantName = "[No Variations]"
Add component (AddParameter): Name = "Name"; Value = ""; VariantName = "[No Variations]"
Add component (AddParameter): Name = "Supplier"; Value = ""; VariantName = "[No Variations]"
Add component (AddParameter): Name = "Value"; Value = ""; VariantName = "[No Variations]"
Added Component: Designator=R10(RES EIA 0603)
Add component. Clean all parameters for all variants
Add component (AddParameter): Name = "Group"; Value = "Резисторы"; VariantName = "[No Variations]"
Add component (AddParameter): Name = "Manufacturer"; Value = ""; VariantName = "[No Variations]"
Add component (AddParameter): Name = "Name"; Value = ""; VariantName = "[No Variations]"
Add component (AddParameter): Name = "Supplier"; Value = ""; VariantName = "[No Variations]"
Add component (AddParameter): Name = "Value"; Value = "10k"; VariantName = "[No Variations]"
Added Component: Designator=R11(RES EIA 0603)
Add component. Clean all parameters for all variants
Add component (AddParameter): Name = "Group"; Value = "Резисторы"; VariantName = "[No Variations]"
Add component (AddParameter): Name = "Manufacturer"; Value = ""; VariantName = "[No Variations]"
Add component (AddParameter): Name = "Name"; Value = ""; VariantName = "[No Variations]"
Add component (AddParameter): Name = "Supplier"; Value = ""; VariantName = "[No Variations]"
Add component (AddParameter): Name = "Value"; Value = "10k"; VariantName = "[No Variations]"
Added Component: Designator=R12(RES EIA 0603)
Add component. Clean all parameters for all variants
Add component (AddParameter): Name = "Group"; Value = "Резисторы"; VariantName = "[No Variations]"
Add component (AddParameter): Name = "Manufacturer"; Value = ""; VariantName = "[No Variations]"
Add component (AddParameter): Name = "Name"; Value = ""; VariantName = "[No Variations]"
Add component (AddParameter): Name = "Supplier"; Value = ""; VariantName = "[No Variations]"
Add component (AddParameter): Name = "Value"; Value = "22k"; VariantName = "[No Variations]"
Added Component: Designator=R13(RES EIA 0603)
Add component. Clean all parameters for all variants
Add component (AddParameter): Name = "Group"; Value = "Резисторы"; VariantName = "[No Variations]"
Add component (AddParameter): Name = "Manufacturer"; Value = ""; VariantName = "[No Variations]"
Add component (AddParameter): Name = "Name"; Value = ""; VariantName = "[No Variations]"
Add component (AddParameter): Name = "Supplier"; Value = ""; VariantName = "[No Variations]"
Add component (AddParameter): Name = "Value"; Value = "10k"; VariantName = "[No Variations]"
Added Component: Designator=SA1(1-1825910-4)
Add component. Clean all parameters for all variants
Add component (AddParameter): Name = "Group"; Value = "Переключатели"; VariantName = "[No Variations]"
Add component (AddParameter): Name = "Manufacturer"; Value = "TE Connectivity"; VariantName = "[No Variations]"
Add component (AddParameter): Name = "Name"; Value = "1-1825910-4"; VariantName = "[No Variations]"
Add component (AddParameter): Name = "Supplier"; Value = "ООО"Компэл""; VariantName = "[No Variations]"
Add component (AddParameter): Name = "Value"; Value = "Кнопка тактовая, высота 9,5 мм, 50 мА, монтаж в отверстия"; VariantName = "[No Variations]"
Added Component: Designator=X1(Pin - Referal)
Add component. Clean all parameters for all variants
Add component (AddParameter): Name = "Group"; Value = "-"; VariantName = "[No Variations]"
Add component (AddParameter): Name = "Manufacturer"; Value = "-"; VariantName = "[No Variations]"
Add component (AddParameter): Name = "Name"; Value = "-"; VariantName = "[No Variations]"
Add component (AddParameter): Name = "Supplier"; Value = "-"; VariantName = "[No Variations]"
Add component (AddParameter): Name = "Value"; Value = "Generic Pin Contact Referal"; VariantName = "[No Variations]"
Added Component: Designator=X2(Pin - Referal)
Add component. Clean all parameters for all variants
Add component (AddParameter): Name = "Group"; Value = "-"; VariantName = "[No Variations]"
Add component (AddParameter): Name = "Manufacturer"; Value = "-"; VariantName = "[No Variations]"
Add component (AddParameter): Name = "Name"; Value = "-"; VariantName = "[No Variations]"
Add component (AddParameter): Name = "Supplier"; Value = "-"; VariantName = "[No Variations]"
Add component (AddParameter): Name = "Value"; Value = "Generic Pin Contact Referal"; VariantName = "[No Variations]"
Added Component: Designator=XP1(BM05B-SRSS-TB)
Add component. Clean all parameters for all variants
Add component (AddParameter): Name = "Group"; Value = "Разъемы"; VariantName = "[No Variations]"
Add component (AddParameter): Name = "Manufacturer"; Value = "JST"; VariantName = "[No Variations]"
Add component (AddParameter): Name = "Name"; Value = "BM05B-SRSS-TB"; VariantName = "[No Variations]"
Add component (AddParameter): Name = "Supplier"; Value = "ООО"Компэл""; VariantName = "[No Variations]"
Add component (AddParameter): Name = "Value"; Value = "Разъем штыревой 5-и контактный угловой"; VariantName = "[No Variations]"
Added Pin To Net: NetName=GND Pin=C1-1
Added Pin To Net: NetName=+3.3V Pin=C1-2
Added Pin To Net: NetName=GND Pin=C2-1
Added Pin To Net: NetName=+3.3V Pin=C2-2
Added Pin To Net: NetName=GND Pin=C3-1
Added Pin To Net: NetName=+3.3V Pin=C3-2
Added Pin To Net: NetName=GND Pin=C4-1
Added Pin To Net: NetName=+3.3V Pin=C4-2
Added Pin To Net: NetName=+3.3V Pin=DD2-2
Added Pin To Net: NetName=+3.3V Pin=DD2-3
Added Pin To Net: NetName=SCL Pin=DD2-5
Added Pin To Net: NetName=SDA Pin=DD2-6
Added Pin To Net: NetName=GND Pin=DD2-7
Added Pin To Net: NetName=+3.3V Pin=DD3-1
Added Pin To Net: NetName=+3.3V Pin=DD3-2
Added Pin To Net: NetName=GND Pin=DD3-3
Added Pin To Net: NetName=NetDD3_4 Pin=DD3-4
Added Pin To Net: NetName=SDA Pin=DD3-7
Added Pin To Net: NetName=SCL Pin=DD3-8
Added Pin To Net: NetName=RTS Pin=DD?-1
Added Pin To Net: NetName=NetDD?_3 Pin=DD?-3
Added Pin To Net: NetName=NetDD?_4 Pin=DD?-4
Added Pin To Net: NetName=+3.3V Pin=DD?-8
Added Pin To Net: NetName=GND Pin=DD?-15
Added Pin To Net: NetName=NetDD?_16 Pin=DD?-16
Added Pin To Net: NetName=NetDD?_17 Pin=DD?-17
Added Pin To Net: NetName=NetDD?_18 Pin=DD?-18
Added Pin To Net: NetName=SDA Pin=DD?-19
Added Pin To Net: NetName=SCL Pin=DD?-20
Added Pin To Net: NetName=NetDD?_21 Pin=DD?-21
Added Pin To Net: NetName=Ardu_TX Pin=DD?-22
Added Pin To Net: NetName=NetDD?_3 Pin=R1-1
Added Pin To Net: NetName=+3.3V Pin=R1-2
Added Pin To Net: NetName=RTS Pin=R2-1
Added Pin To Net: NetName=+3.3V Pin=R2-2
Added Pin To Net: NetName=RTS Pin=R3-1
Added Pin To Net: NetName=NetDD?_4 Pin=R3-2
Added Pin To Net: NetName=GND Pin=R4-1
Added Pin To Net: NetName=NetDD3_4 Pin=R4-2
Added Pin To Net: NetName=NetDD3_4 Pin=R5-1
Added Pin To Net: NetName=+3.3V Pin=R5-2
Added Pin To Net: NetName=SCL Pin=R6-1
Added Pin To Net: NetName=+3.3V Pin=R6-2
Added Pin To Net: NetName=SDA Pin=R7-1
Added Pin To Net: NetName=+3.3V Pin=R7-2
Added Pin To Net: NetName=NetDD?_17 Pin=R8-1
Added Pin To Net: NetName=+3.3V Pin=R8-2
Added Pin To Net: NetName=NetDD?_18 Pin=R9-1
Added Pin To Net: NetName=DTR Pin=R9-2
Added Pin To Net: NetName=GND Pin=R10-1
Added Pin To Net: NetName=NetDD?_16 Pin=R10-2
Added Pin To Net: NetName=DTR Pin=R11-1
Added Pin To Net: NetName=+3.3V Pin=R11-2
Added Pin To Net: NetName=GND Pin=R12-1
Added Pin To Net: NetName=NetDD?_21 Pin=R12-2
Added Pin To Net: NetName=NetDD?_21 Pin=R13-1
Added Pin To Net: NetName=Ardu_RX Pin=R13-2
Added Pin To Net: NetName=GND Pin=SA1-1
Added Pin To Net: NetName=GND Pin=SA1-1
Added Pin To Net: NetName=RTS Pin=SA1-2
Added Pin To Net: NetName=RTS Pin=SA1-2
Added Pin To Net: NetName=+3.3V Pin=X1-1
Added Pin To Net: NetName=GND Pin=X2-1
Added Pin To Net: NetName=RTS Pin=XP1-1
Added Pin To Net: NetName=Ardu_RX Pin=XP1-2
Added Pin To Net: NetName=Ardu_TX Pin=XP1-3
Added Pin To Net: NetName=DTR Pin=XP1-4
Added Pin To Net: NetName=GND Pin=XP1-5
Added Member To Class: ClassName=esp_altimeter Member=Component C1 Cap EIA 0603
Added Member To Class: ClassName=esp_altimeter Member=Component C2 Cap EIA 0603
Added Member To Class: ClassName=esp_altimeter Member=Component C3 Cap EIA 0603
Added Member To Class: ClassName=esp_altimeter Member=Component C4 Cap EIA 0603
Added Member To Class: ClassName=esp_altimeter Member=Component DD2 BMP180
Added Member To Class: ClassName=esp_altimeter Member=Component DD3 MS5611
Added Member To Class: ClassName=esp_altimeter Member=Component DD? ESP8266-12E
Added Member To Class: ClassName=esp_altimeter Member=Component R1 Res EIA 0603
Added Member To Class: ClassName=esp_altimeter Member=Component R2 Res EIA 0603
Added Member To Class: ClassName=esp_altimeter Member=Component R3 Res EIA 0603
Added Member To Class: ClassName=esp_altimeter Member=Component R4 Res EIA 0402
Added Member To Class: ClassName=esp_altimeter Member=Component R5 Res EIA 0402
Added Member To Class: ClassName=esp_altimeter Member=Component R6 Res EIA 0603
Added Member To Class: ClassName=esp_altimeter Member=Component R7 Res EIA 0603
Added Member To Class: ClassName=esp_altimeter Member=Component R8 Res EIA 0603
Added Member To Class: ClassName=esp_altimeter Member=Component R9 BURN
Added Member To Class: ClassName=esp_altimeter Member=Component R10 Res EIA 0603
Added Member To Class: ClassName=esp_altimeter Member=Component R11 Res EIA 0603
Added Member To Class: ClassName=esp_altimeter Member=Component R12 Res EIA 0603
Added Member To Class: ClassName=esp_altimeter Member=Component R13 Res EIA 0603
Added Member To Class: ClassName=esp_altimeter Member=Component SA1 RESET
Added Member To Class: ClassName=esp_altimeter Member=Component X1 V_Bat+
Added Member To Class: ClassName=esp_altimeter Member=Component X2 V_Bat_GND
Added Member To Class: ClassName=esp_altimeter Member=Component XP1 BM05B-SRSS-TB
Added Room: Name=esp_altimeter
