Added Component: Designator=DD?(ESP8266 ESP-12-E)
Add component. Clean all parameters for all variants
Added Pin To Net: NetName=RTS Pin=DD?-1
Added Pin To Net: NetName=+3.3V Pin=DD?-8
Added Pin To Net: NetName=GND Pin=DD?-15
Added Pin To Net: NetName=SDA Pin=DD?-19
Added Pin To Net: NetName=SCL Pin=DD?-20
Added Pin To Net: NetName=Ardu_TX Pin=DD?-22
Added Pin To Net: NetName=NetDD?_3 Pin=DD?-3
Added Pin To Net: NetName=NetDD?_3 Pin=R1-1
Added Net: Name=NetDD?_3
Added Pin To Net: NetName=NetDD?_4 Pin=DD?-4
Added Pin To Net: NetName=NetDD?_4 Pin=R3-2
Added Net: Name=NetDD?_4
Added Pin To Net: NetName=NetDD?_16 Pin=DD?-16
Added Pin To Net: NetName=NetDD?_16 Pin=R10-2
Added Net: Name=NetDD?_16
Added Pin To Net: NetName=NetDD?_17 Pin=DD?-17
Added Pin To Net: NetName=NetDD?_17 Pin=R8-1
Added Net: Name=NetDD?_17
Added Pin To Net: NetName=NetDD?_18 Pin=DD?-18
Added Pin To Net: NetName=NetDD?_18 Pin=R9-1
Added Net: Name=NetDD?_18
Added Pin To Net: NetName=NetDD?_21 Pin=DD?-21
Added Pin To Net: NetName=NetDD?_21 Pin=R12-2
Added Pin To Net: NetName=NetDD?_21 Pin=R13-1
Added Net: Name=NetDD?_21
Added Member To Class: ClassName=esp_altimeter Member=Component DD? ESP8266-12E
