Added Component: Designator=C1(CAP EIA 0603)
Add component. Clean all parameters for all variants
Add component (AddParameter): Name = "Group"; Value = "Конденсаторы"; VariantName = "[No Variations]"
Add component (AddParameter): Name = "Manufacturer"; Value = ""; VariantName = "[No Variations]"
Add component (AddParameter): Name = "Name"; Value = ""; VariantName = "[No Variations]"
Add component (AddParameter): Name = "Supplier"; Value = ""; VariantName = "[No Variations]"
Add component (AddParameter): Name = "Value"; Value = "0.1uF"; VariantName = "[No Variations]"
Added Component: Designator=DD1(ESP8266 ESP-12-E)
Add component. Clean all parameters for all variants
Added Component: Designator=R1(RES EIA 0603)
Add component. Clean all parameters for all variants
Add component (AddParameter): Name = "Group"; Value = "Резисторы"; VariantName = "[No Variations]"
Add component (AddParameter): Name = "Manufacturer"; Value = ""; VariantName = "[No Variations]"
Add component (AddParameter): Name = "Name"; Value = ""; VariantName = "[No Variations]"
Add component (AddParameter): Name = "Supplier"; Value = ""; VariantName = "[No Variations]"
Add component (AddParameter): Name = "Value"; Value = "10k"; VariantName = "[No Variations]"
Added Component: Designator=R2(RES EIA 0603)
Add component. Clean all parameters for all variants
Add component (AddParameter): Name = "Group"; Value = "Резисторы"; VariantName = "[No Variations]"
Add component (AddParameter): Name = "Manufacturer"; Value = ""; VariantName = "[No Variations]"
Add component (AddParameter): Name = "Name"; Value = ""; VariantName = "[No Variations]"
Add component (AddParameter): Name = "Supplier"; Value = ""; VariantName = "[No Variations]"
Add component (AddParameter): Name = "Value"; Value = "10k"; VariantName = "[No Variations]"
Added Component: Designator=R3(RES EIA 0603)
Add component. Clean all parameters for all variants
Add component (AddParameter): Name = "Group"; Value = "Резисторы"; VariantName = "[No Variations]"
Add component (AddParameter): Name = "Manufacturer"; Value = ""; VariantName = "[No Variations]"
Add component (AddParameter): Name = "Name"; Value = ""; VariantName = "[No Variations]"
Add component (AddParameter): Name = "Supplier"; Value = ""; VariantName = "[No Variations]"
Add component (AddParameter): Name = "Value"; Value = "10k"; VariantName = "[No Variations]"
Added Component: Designator=R4(RES EIA 0603)
Add component. Clean all parameters for all variants
Add component (AddParameter): Name = "Group"; Value = "Резисторы"; VariantName = "[No Variations]"
Add component (AddParameter): Name = "Manufacturer"; Value = ""; VariantName = "[No Variations]"
Add component (AddParameter): Name = "Name"; Value = ""; VariantName = "[No Variations]"
Add component (AddParameter): Name = "Supplier"; Value = ""; VariantName = "[No Variations]"
Add component (AddParameter): Name = "Value"; Value = "22k"; VariantName = "[No Variations]"
Added Component: Designator=R5(RES EIA 0603)
Add component. Clean all parameters for all variants
Add component (AddParameter): Name = "Group"; Value = "Резисторы"; VariantName = "[No Variations]"
Add component (AddParameter): Name = "Manufacturer"; Value = ""; VariantName = "[No Variations]"
Add component (AddParameter): Name = "Name"; Value = ""; VariantName = "[No Variations]"
Add component (AddParameter): Name = "Supplier"; Value = ""; VariantName = "[No Variations]"
Add component (AddParameter): Name = "Value"; Value = ""; VariantName = "[No Variations]"
Added Component: Designator=R6(RES EIA 0603)
Add component. Clean all parameters for all variants
Add component (AddParameter): Name = "Group"; Value = "Резисторы"; VariantName = "[No Variations]"
Add component (AddParameter): Name = "Manufacturer"; Value = ""; VariantName = "[No Variations]"
Add component (AddParameter): Name = "Name"; Value = ""; VariantName = "[No Variations]"
Add component (AddParameter): Name = "Supplier"; Value = ""; VariantName = "[No Variations]"
Add component (AddParameter): Name = "Value"; Value = "10k"; VariantName = "[No Variations]"
Added Component: Designator=R7(RES EIA 0603)
Add component. Clean all parameters for all variants
Add component (AddParameter): Name = "Group"; Value = "Резисторы"; VariantName = "[No Variations]"
Add component (AddParameter): Name = "Manufacturer"; Value = ""; VariantName = "[No Variations]"
Add component (AddParameter): Name = "Name"; Value = ""; VariantName = "[No Variations]"
Add component (AddParameter): Name = "Supplier"; Value = ""; VariantName = "[No Variations]"
Add component (AddParameter): Name = "Value"; Value = "470"; VariantName = "[No Variations]"
Added Component: Designator=R8(RES EIA 0603)
Add component. Clean all parameters for all variants
Add component (AddParameter): Name = "Group"; Value = "Резисторы"; VariantName = "[No Variations]"
Add component (AddParameter): Name = "Manufacturer"; Value = ""; VariantName = "[No Variations]"
Add component (AddParameter): Name = "Name"; Value = ""; VariantName = "[No Variations]"
Add component (AddParameter): Name = "Supplier"; Value = ""; VariantName = "[No Variations]"
Add component (AddParameter): Name = "Value"; Value = "10k"; VariantName = "[No Variations]"
Added Component: Designator=R9(RES EIA 0603)
Add component. Clean all parameters for all variants
Add component (AddParameter): Name = "Group"; Value = "Резисторы"; VariantName = "[No Variations]"
Add component (AddParameter): Name = "Manufacturer"; Value = ""; VariantName = "[No Variations]"
Add component (AddParameter): Name = "Name"; Value = ""; VariantName = "[No Variations]"
Add component (AddParameter): Name = "Supplier"; Value = ""; VariantName = "[No Variations]"
Add component (AddParameter): Name = "Value"; Value = "10k"; VariantName = "[No Variations]"
Added Component: Designator=R10(RES EIA 0603)
Add component. Clean all parameters for all variants
Add component (AddParameter): Name = "Group"; Value = "Резисторы"; VariantName = "[No Variations]"
Add component (AddParameter): Name = "Manufacturer"; Value = ""; VariantName = "[No Variations]"
Add component (AddParameter): Name = "Name"; Value = ""; VariantName = "[No Variations]"
Add component (AddParameter): Name = "Supplier"; Value = ""; VariantName = "[No Variations]"
Add component (AddParameter): Name = "Value"; Value = "0"; VariantName = "[No Variations]"
Added Component: Designator=X1(Pin - Referal)
Add component. Clean all parameters for all variants
Add component (AddParameter): Name = "Group"; Value = "-"; VariantName = "[No Variations]"
Add component (AddParameter): Name = "Manufacturer"; Value = "-"; VariantName = "[No Variations]"
Add component (AddParameter): Name = "Name"; Value = "-"; VariantName = "[No Variations]"
Add component (AddParameter): Name = "Supplier"; Value = "-"; VariantName = "[No Variations]"
Add component (AddParameter): Name = "Value"; Value = "Generic Pin Contact Referal"; VariantName = "[No Variations]"
Added Component: Designator=X2(Pin - Referal)
Add component. Clean all parameters for all variants
Add component (AddParameter): Name = "Group"; Value = "-"; VariantName = "[No Variations]"
Add component (AddParameter): Name = "Manufacturer"; Value = "-"; VariantName = "[No Variations]"
Add component (AddParameter): Name = "Name"; Value = "-"; VariantName = "[No Variations]"
Add component (AddParameter): Name = "Supplier"; Value = "-"; VariantName = "[No Variations]"
Add component (AddParameter): Name = "Value"; Value = "Generic Pin Contact Referal"; VariantName = "[No Variations]"
Added Component: Designator=XP1(BM05B-SRSS-TB)
Add component. Clean all parameters for all variants
Add component (AddParameter): Name = "Group"; Value = "Разъемы"; VariantName = "[No Variations]"
Add component (AddParameter): Name = "Manufacturer"; Value = "JST"; VariantName = "[No Variations]"
Add component (AddParameter): Name = "Name"; Value = "BM05B-SRSS-TB"; VariantName = "[No Variations]"
Add component (AddParameter): Name = "Supplier"; Value = "ООО"Компэл""; VariantName = "[No Variations]"
Add component (AddParameter): Name = "Value"; Value = "Разъем штыревой 5-и контактный угловой"; VariantName = "[No Variations]"
Added Component: Designator=XP?(PLS-7v1)
Add component. Clean all parameters for all variants
Added Pin To Net: NetName=GND Pin=C1-1
Added Pin To Net: NetName=+3.3V Pin=C1-2
Added Pin To Net: NetName=RTS Pin=DD1-1
Added Pin To Net: NetName=NetDD1_3 Pin=DD1-3
Added Pin To Net: NetName=NetDD1_4 Pin=DD1-4
Added Pin To Net: NetName=+3.3V Pin=DD1-8
Added Pin To Net: NetName=GND Pin=DD1-15
Added Pin To Net: NetName=NetDD1_16 Pin=DD1-16
Added Pin To Net: NetName=NetDD1_17 Pin=DD1-17
Added Pin To Net: NetName=NetDD1_18 Pin=DD1-18
Added Pin To Net: NetName=SDA Pin=DD1-19
Added Pin To Net: NetName=SCL Pin=DD1-20
Added Pin To Net: NetName=NetDD1_21 Pin=DD1-21
Added Pin To Net: NetName=Ardu_TX Pin=DD1-22
Added Pin To Net: NetName=NetDD1_3 Pin=R1-1
Added Pin To Net: NetName=+3.3V Pin=R1-2
Added Pin To Net: NetName=RTS Pin=R2-1
Added Pin To Net: NetName=+3.3V Pin=R2-2
Added Pin To Net: NetName=NetDD1_21 Pin=R3-1
Added Pin To Net: NetName=Ardu_RX Pin=R3-2
Added Pin To Net: NetName=GND Pin=R4-1
Added Pin To Net: NetName=NetDD1_21 Pin=R4-2
Added Pin To Net: NetName=NetDD1_18 Pin=R5-1
Added Pin To Net: NetName=DTR Pin=R5-2
Added Pin To Net: NetName=DTR Pin=R6-1
Added Pin To Net: NetName=+3.3V Pin=R6-2
Added Pin To Net: NetName=RTS Pin=R7-1
Added Pin To Net: NetName=NetDD1_4 Pin=R7-2
Added Pin To Net: NetName=NetDD1_17 Pin=R8-1
Added Pin To Net: NetName=+3.3V Pin=R8-2
Added Pin To Net: NetName=GND Pin=R9-1
Added Pin To Net: NetName=NetDD1_16 Pin=R9-2
Added Pin To Net: NetName=GND Pin=R10-1
Added Pin To Net: NetName=RTS Pin=R10-2
Added Pin To Net: NetName=+3.3V Pin=X1-1
Added Pin To Net: NetName=GND Pin=X2-1
Added Pin To Net: NetName=RTS Pin=XP1-1
Added Pin To Net: NetName=Ardu_RX Pin=XP1-2
Added Pin To Net: NetName=Ardu_TX Pin=XP1-3
Added Pin To Net: NetName=DTR Pin=XP1-4
Added Pin To Net: NetName=GND Pin=XP1-5
Added Pin To Net: NetName=+3.3V Pin=XP?-1
Added Pin To Net: NetName=GND Pin=XP?-2
Added Pin To Net: NetName=SCL Pin=XP?-3
Added Pin To Net: NetName=SDA Pin=XP?-4
Added Pin To Net: NetName=+3.3V Pin=XP?-5
Added Pin To Net: NetName=+3.3V Pin=XP?-7
Added Member To Class: ClassName=handm_altimeter Member=Component C1 Cap EIA 0603
Added Member To Class: ClassName=handm_altimeter Member=Component DD1 ESP8266-12E
Added Member To Class: ClassName=handm_altimeter Member=Component R1 Res EIA 0603
Added Member To Class: ClassName=handm_altimeter Member=Component R2 Res EIA 0603
Added Member To Class: ClassName=handm_altimeter Member=Component R3 Res EIA 0603
Added Member To Class: ClassName=handm_altimeter Member=Component R4 Res EIA 0603
Added Member To Class: ClassName=handm_altimeter Member=Component R5 BURN
Added Member To Class: ClassName=handm_altimeter Member=Component R6 Res EIA 0603
Added Member To Class: ClassName=handm_altimeter Member=Component R7 Res EIA 0603
Added Member To Class: ClassName=handm_altimeter Member=Component R8 Res EIA 0603
Added Member To Class: ClassName=handm_altimeter Member=Component R9 Res EIA 0603
Added Member To Class: ClassName=handm_altimeter Member=Component R10 Res EIA 0603
Added Member To Class: ClassName=handm_altimeter Member=Component X1 V_Bat+
Added Member To Class: ClassName=handm_altimeter Member=Component X2 V_Bat_GND
Added Member To Class: ClassName=handm_altimeter Member=Component XP1 BM05B-SRSS-TB
Added Member To Class: ClassName=handm_altimeter Member=Component XP? PLS-7v1
Added Room: Name=handm_altimeter
