Added Component: Designator=C1(CAP EIA 0603)
Add component. Clean all parameters for all variants
Add component (AddParameter): Name = "Group"; Value = "Конденсаторы"; VariantName = "[No Variations]"
Add component (AddParameter): Name = "Manufacturer"; Value = ""; VariantName = "[No Variations]"
Add component (AddParameter): Name = "Name"; Value = ""; VariantName = "[No Variations]"
Add component (AddParameter): Name = "Supplier"; Value = ""; VariantName = "[No Variations]"
Add component (AddParameter): Name = "Value"; Value = "1uF"; VariantName = "[No Variations]"
Added Component: Designator=C2(CAP EIA 0603)
Add component. Clean all parameters for all variants
Add component (AddParameter): Name = "Group"; Value = "Конденсаторы"; VariantName = "[No Variations]"
Add component (AddParameter): Name = "Manufacturer"; Value = ""; VariantName = "[No Variations]"
Add component (AddParameter): Name = "Name"; Value = ""; VariantName = "[No Variations]"
Add component (AddParameter): Name = "Supplier"; Value = ""; VariantName = "[No Variations]"
Add component (AddParameter): Name = "Value"; Value = "1uF"; VariantName = "[No Variations]"
Added Component: Designator=C3(CAP EIA 0603)
Add component. Clean all parameters for all variants
Add component (AddParameter): Name = "Group"; Value = "Конденсаторы"; VariantName = "[No Variations]"
Add component (AddParameter): Name = "Manufacturer"; Value = ""; VariantName = "[No Variations]"
Add component (AddParameter): Name = "Name"; Value = ""; VariantName = "[No Variations]"
Add component (AddParameter): Name = "Supplier"; Value = ""; VariantName = "[No Variations]"
Add component (AddParameter): Name = "Value"; Value = "0.1uF"; VariantName = "[No Variations]"
Added Component: Designator=C4(CAP EIA 0603)
Add component. Clean all parameters for all variants
Add component (AddParameter): Name = "Group"; Value = "Конденсаторы"; VariantName = "[No Variations]"
Add component (AddParameter): Name = "Manufacturer"; Value = ""; VariantName = "[No Variations]"
Add component (AddParameter): Name = "Name"; Value = ""; VariantName = "[No Variations]"
Add component (AddParameter): Name = "Supplier"; Value = ""; VariantName = "[No Variations]"
Add component (AddParameter): Name = "Value"; Value = "100nF"; VariantName = "[No Variations]"
Added Component: Designator=DA1(SOT23-5L)
Add component. Clean all parameters for all variants
Added Component: Designator=DD1(ESP8266 ESP-12-E)
Add component. Clean all parameters for all variants
Add component (AddParameter): Name = "Documentation"; Value = "https://www.espressif.com/sites/default/files/documentation/0a-esp8266ex_datasheet_en.pdf"; VariantName = "[No Variations]"
Add component (AddParameter): Name = "Group"; Value = "Microcontrollers"; VariantName = "[No Variations]"
Add component (AddParameter): Name = "Manufacturer"; Value = "Espressif"; VariantName = "[No Variations]"
Add component (AddParameter): Name = "Name"; Value = "ESP8266-12E"; VariantName = "[No Variations]"
Add component (AddParameter): Name = "Price"; Value = "1,7$"; VariantName = "[No Variations]"
Added Component: Designator=DD2(MS5611)
Add component. Clean all parameters for all variants
Added Component: Designator=R1(RES EIA 0603)
Add component. Clean all parameters for all variants
Add component (AddParameter): Name = "Group"; Value = "Резисторы"; VariantName = "[No Variations]"
Add component (AddParameter): Name = "Manufacturer"; Value = ""; VariantName = "[No Variations]"
Add component (AddParameter): Name = "Name"; Value = ""; VariantName = "[No Variations]"
Add component (AddParameter): Name = "Supplier"; Value = ""; VariantName = "[No Variations]"
Add component (AddParameter): Name = "Value"; Value = "10k"; VariantName = "[No Variations]"
Added Component: Designator=R2(RES EIA 0603)
Add component. Clean all parameters for all variants
Add component (AddParameter): Name = "Group"; Value = "Резисторы"; VariantName = "[No Variations]"
Add component (AddParameter): Name = "Manufacturer"; Value = ""; VariantName = "[No Variations]"
Add component (AddParameter): Name = "Name"; Value = ""; VariantName = "[No Variations]"
Add component (AddParameter): Name = "Supplier"; Value = ""; VariantName = "[No Variations]"
Add component (AddParameter): Name = "Value"; Value = "10k"; VariantName = "[No Variations]"
Added Component: Designator=R3(RES EIA 0603)
Add component. Clean all parameters for all variants
Add component (AddParameter): Name = "Group"; Value = "Резисторы"; VariantName = "[No Variations]"
Add component (AddParameter): Name = "Manufacturer"; Value = ""; VariantName = "[No Variations]"
Add component (AddParameter): Name = "Name"; Value = ""; VariantName = "[No Variations]"
Add component (AddParameter): Name = "Supplier"; Value = ""; VariantName = "[No Variations]"
Add component (AddParameter): Name = "Value"; Value = "470"; VariantName = "[No Variations]"
Added Component: Designator=R4(RES EIA 0402)
Add component. Clean all parameters for all variants
Add component (AddParameter): Name = "Group"; Value = "Резисторы"; VariantName = "[No Variations]"
Add component (AddParameter): Name = "Manufacturer"; Value = ""; VariantName = "[No Variations]"
Add component (AddParameter): Name = "Name"; Value = ""; VariantName = "[No Variations]"
Add component (AddParameter): Name = "Supplier"; Value = ""; VariantName = "[No Variations]"
Add component (AddParameter): Name = "Value"; Value = "0"; VariantName = "[No Variations]"
Added Component: Designator=R5(RES EIA 0402)
Add component. Clean all parameters for all variants
Add component (AddParameter): Name = "Group"; Value = "Резисторы"; VariantName = "[No Variations]"
Add component (AddParameter): Name = "Manufacturer"; Value = ""; VariantName = "[No Variations]"
Add component (AddParameter): Name = "Name"; Value = ""; VariantName = "[No Variations]"
Add component (AddParameter): Name = "Supplier"; Value = ""; VariantName = "[No Variations]"
Add component (AddParameter): Name = "Value"; Value = "0"; VariantName = "[No Variations]"
Added Component: Designator=R6(RES EIA 0603)
Add component. Clean all parameters for all variants
Add component (AddParameter): Name = "Group"; Value = "Резисторы"; VariantName = "[No Variations]"
Add component (AddParameter): Name = "Manufacturer"; Value = ""; VariantName = "[No Variations]"
Add component (AddParameter): Name = "Name"; Value = ""; VariantName = "[No Variations]"
Add component (AddParameter): Name = "Supplier"; Value = ""; VariantName = "[No Variations]"
Add component (AddParameter): Name = "Value"; Value = "10k"; VariantName = "[No Variations]"
Added Component: Designator=R7(RES EIA 0603)
Add component. Clean all parameters for all variants
Add component (AddParameter): Name = "Group"; Value = "Резисторы"; VariantName = "[No Variations]"
Add component (AddParameter): Name = "Manufacturer"; Value = ""; VariantName = "[No Variations]"
Add component (AddParameter): Name = "Name"; Value = ""; VariantName = "[No Variations]"
Add component (AddParameter): Name = "Supplier"; Value = ""; VariantName = "[No Variations]"
Add component (AddParameter): Name = "Value"; Value = "10k"; VariantName = "[No Variations]"
Added Component: Designator=R8(RES EIA 0603)
Add component. Clean all parameters for all variants
Add component (AddParameter): Name = "Group"; Value = "Резисторы"; VariantName = "[No Variations]"
Add component (AddParameter): Name = "Manufacturer"; Value = ""; VariantName = "[No Variations]"
Add component (AddParameter): Name = "Name"; Value = ""; VariantName = "[No Variations]"
Add component (AddParameter): Name = "Supplier"; Value = ""; VariantName = "[No Variations]"
Add component (AddParameter): Name = "Value"; Value = "10k"; VariantName = "[No Variations]"
Added Component: Designator=R9(RES EIA 0603)
Add component. Clean all parameters for all variants
Add component (AddParameter): Name = "Group"; Value = "Резисторы"; VariantName = "[No Variations]"
Add component (AddParameter): Name = "Manufacturer"; Value = ""; VariantName = "[No Variations]"
Add component (AddParameter): Name = "Name"; Value = "BURN"; VariantName = "[No Variations]"
Add component (AddParameter): Name = "Supplier"; Value = ""; VariantName = "[No Variations]"
Add component (AddParameter): Name = "Value"; Value = "10k"; VariantName = "[No Variations]"
Added Component: Designator=R10(RES EIA 0603)
Add component. Clean all parameters for all variants
Add component (AddParameter): Name = "Group"; Value = "Резисторы"; VariantName = "[No Variations]"
Add component (AddParameter): Name = "Manufacturer"; Value = ""; VariantName = "[No Variations]"
Add component (AddParameter): Name = "Name"; Value = ""; VariantName = "[No Variations]"
Add component (AddParameter): Name = "Supplier"; Value = ""; VariantName = "[No Variations]"
Add component (AddParameter): Name = "Value"; Value = "10k"; VariantName = "[No Variations]"
Added Component: Designator=R11(RES EIA 0603)
Add component. Clean all parameters for all variants
Add component (AddParameter): Name = "Group"; Value = "Резисторы"; VariantName = "[No Variations]"
Add component (AddParameter): Name = "Manufacturer"; Value = ""; VariantName = "[No Variations]"
Add component (AddParameter): Name = "Name"; Value = ""; VariantName = "[No Variations]"
Add component (AddParameter): Name = "Supplier"; Value = ""; VariantName = "[No Variations]"
Add component (AddParameter): Name = "Value"; Value = "10k"; VariantName = "[No Variations]"
Added Component: Designator=R12(RES EIA 0603)
Add component. Clean all parameters for all variants
Add component (AddParameter): Name = "Group"; Value = "Резисторы"; VariantName = "[No Variations]"
Add component (AddParameter): Name = "Manufacturer"; Value = ""; VariantName = "[No Variations]"
Add component (AddParameter): Name = "Name"; Value = ""; VariantName = "[No Variations]"
Add component (AddParameter): Name = "Supplier"; Value = ""; VariantName = "[No Variations]"
Add component (AddParameter): Name = "Value"; Value = "22k"; VariantName = "[No Variations]"
Added Component: Designator=R13(RES EIA 0603)
Add component. Clean all parameters for all variants
Add component (AddParameter): Name = "Group"; Value = "Резисторы"; VariantName = "[No Variations]"
Add component (AddParameter): Name = "Manufacturer"; Value = ""; VariantName = "[No Variations]"
Add component (AddParameter): Name = "Name"; Value = ""; VariantName = "[No Variations]"
Add component (AddParameter): Name = "Supplier"; Value = ""; VariantName = "[No Variations]"
Add component (AddParameter): Name = "Value"; Value = "10k"; VariantName = "[No Variations]"
Added Component: Designator=SA1(IS-1290)
Add component. Clean all parameters for all variants
Add component (AddParameter): Name = "Group"; Value = "Переключатели"; VariantName = "[No Variations]"
Add component (AddParameter): Name = "Manufacturer"; Value = ""; VariantName = "[No Variations]"
Add component (AddParameter): Name = "Name"; Value = "IS-1290"; VariantName = "[No Variations]"
Add component (AddParameter): Name = "Supplier"; Value = ""; VariantName = "[No Variations]"
Add component (AddParameter): Name = "Value"; Value = ""; VariantName = "[No Variations]"
Added Component: Designator=SB1(SB_Pad)
Add component. Clean all parameters for all variants
Added Component: Designator=X1(Surface_Pad)
Add component. Clean all parameters for all variants
Added Component: Designator=X2(Surface_Pad)
Add component. Clean all parameters for all variants
Added Component: Designator=X3(Surface_Pad)
Add component. Clean all parameters for all variants
Added Component: Designator=X4(Surface_Pad)
Add component. Clean all parameters for all variants
Added Component: Designator=XP1(BM05B-SRSS-TB)
Add component. Clean all parameters for all variants
Add component (AddParameter): Name = "Group"; Value = "Разъемы"; VariantName = "[No Variations]"
Add component (AddParameter): Name = "Manufacturer"; Value = "JST"; VariantName = "[No Variations]"
Add component (AddParameter): Name = "Name"; Value = "BM05B-SRSS-TB"; VariantName = "[No Variations]"
Add component (AddParameter): Name = "Supplier"; Value = "ООО"Компэл""; VariantName = "[No Variations]"
Add component (AddParameter): Name = "Value"; Value = "Разъем штыревой 5-и контактный угловой"; VariantName = "[No Variations]"
Added Pin To Net: NetName=GND Pin=C1-1
Added Pin To Net: NetName=NetC1_2 Pin=C1-2
Added Pin To Net: NetName=GND Pin=C2-1
Added Pin To Net: NetName=+3.3V Pin=C2-2
Added Pin To Net: NetName=GND Pin=C3-1
Added Pin To Net: NetName=+3.3V Pin=C3-2
Added Pin To Net: NetName=GND Pin=C4-1
Added Pin To Net: NetName=+3.3V Pin=C4-2
Added Pin To Net: NetName=NetC1_2 Pin=DA1-1
Added Pin To Net: NetName=GND Pin=DA1-2
Added Pin To Net: NetName=NetC1_2 Pin=DA1-3
Added Pin To Net: NetName=+3.3V Pin=DA1-5
Added Pin To Net: NetName=RTS Pin=DD1-1
Added Pin To Net: NetName=NetDD1_3 Pin=DD1-3
Added Pin To Net: NetName=NetDD1_4 Pin=DD1-4
Added Pin To Net: NetName=+3.3V Pin=DD1-8
Added Pin To Net: NetName=GND Pin=DD1-15
Added Pin To Net: NetName=NetDD1_16 Pin=DD1-16
Added Pin To Net: NetName=NetDD1_17 Pin=DD1-17
Added Pin To Net: NetName=NetDD1_18 Pin=DD1-18
Added Pin To Net: NetName=SDA Pin=DD1-19
Added Pin To Net: NetName=SCL Pin=DD1-20
Added Pin To Net: NetName=NetDD1_21 Pin=DD1-21
Added Pin To Net: NetName=Ardu_TX Pin=DD1-22
Added Pin To Net: NetName=+3.3V Pin=DD2-1
Added Pin To Net: NetName=+3.3V Pin=DD2-2
Added Pin To Net: NetName=GND Pin=DD2-3
Added Pin To Net: NetName=NetDD2_4 Pin=DD2-4
Added Pin To Net: NetName=SDA Pin=DD2-7
Added Pin To Net: NetName=SCL Pin=DD2-8
Added Pin To Net: NetName=NetDD1_3 Pin=R1-1
Added Pin To Net: NetName=+3.3V Pin=R1-2
Added Pin To Net: NetName=RTS Pin=R2-1
Added Pin To Net: NetName=+3.3V Pin=R2-2
Added Pin To Net: NetName=RTS Pin=R3-1
Added Pin To Net: NetName=NetDD1_4 Pin=R3-2
Added Pin To Net: NetName=GND Pin=R4-1
Added Pin To Net: NetName=NetDD2_4 Pin=R4-2
Added Pin To Net: NetName=+3.3V Pin=R5-1
Added Pin To Net: NetName=NetDD2_4 Pin=R5-2
Added Pin To Net: NetName=SDA Pin=R6-1
Added Pin To Net: NetName=+3.3V Pin=R6-2
Added Pin To Net: NetName=NetDD1_17 Pin=R7-1
Added Pin To Net: NetName=+3.3V Pin=R7-2
Added Pin To Net: NetName=SCL Pin=R8-1
Added Pin To Net: NetName=+3.3V Pin=R8-2
Added Pin To Net: NetName=NetDD1_18 Pin=R9-1
Added Pin To Net: NetName=DTR Pin=R9-2
Added Pin To Net: NetName=GND Pin=R10-1
Added Pin To Net: NetName=NetDD1_16 Pin=R10-2
Added Pin To Net: NetName=DTR Pin=R11-1
Added Pin To Net: NetName=+3.3V Pin=R11-2
Added Pin To Net: NetName=GND Pin=R12-1
Added Pin To Net: NetName=NetDD1_21 Pin=R12-2
Added Pin To Net: NetName=NetDD1_21 Pin=R13-1
Added Pin To Net: NetName=Ardu_RX Pin=R13-2
Added Pin To Net: NetName=NetC1_2 Pin=SA1-1
Added Pin To Net: NetName=NetSA1_2 Pin=SA1-2
Added Pin To Net: NetName=NetSA1_3 Pin=SA1-3
Added Pin To Net: NetName=GND Pin=SB1-1
Added Pin To Net: NetName=RTS Pin=SB1-2
Added Pin To Net: NetName=NetSA1_3 Pin=X1-1
Added Pin To Net: NetName=NetSA1_2 Pin=X2-1
Added Pin To Net: NetName=GND Pin=X3-1
Added Pin To Net: NetName=GND Pin=X4-1
Added Pin To Net: NetName=RTS Pin=XP1-1
Added Pin To Net: NetName=Ardu_RX Pin=XP1-2
Added Pin To Net: NetName=Ardu_TX Pin=XP1-3
Added Pin To Net: NetName=DTR Pin=XP1-4
Added Pin To Net: NetName=GND Pin=XP1-5
Added Member To Class: ClassName=esp_altimeter_evo1 Member=Component C1 Cap EIA 0603
Added Member To Class: ClassName=esp_altimeter_evo1 Member=Component C2 Cap EIA 0603
Added Member To Class: ClassName=esp_altimeter_evo1 Member=Component C3 Cap EIA 0603
Added Member To Class: ClassName=esp_altimeter_evo1 Member=Component C4 Cap EIA 0603
Added Member To Class: ClassName=esp_altimeter_evo1 Member=Component DA1 LD39015
Added Member To Class: ClassName=esp_altimeter_evo1 Member=Component DD1 ESP8266 ESP-12E-RU
Added Member To Class: ClassName=esp_altimeter_evo1 Member=Component DD2 MS5611
Added Member To Class: ClassName=esp_altimeter_evo1 Member=Component R1 Res EIA 0603
Added Member To Class: ClassName=esp_altimeter_evo1 Member=Component R2 Res EIA 0603
Added Member To Class: ClassName=esp_altimeter_evo1 Member=Component R3 Res EIA 0603
Added Member To Class: ClassName=esp_altimeter_evo1 Member=Component R4 Res EIA 0402
Added Member To Class: ClassName=esp_altimeter_evo1 Member=Component R5 Res EIA 0402
Added Member To Class: ClassName=esp_altimeter_evo1 Member=Component R6 Res EIA 0603
Added Member To Class: ClassName=esp_altimeter_evo1 Member=Component R7 Res EIA 0603
Added Member To Class: ClassName=esp_altimeter_evo1 Member=Component R8 Res EIA 0603
Added Member To Class: ClassName=esp_altimeter_evo1 Member=Component R9 Res EIA 0603
Added Member To Class: ClassName=esp_altimeter_evo1 Member=Component R10 Res EIA 0603
Added Member To Class: ClassName=esp_altimeter_evo1 Member=Component R11 Res EIA 0603
Added Member To Class: ClassName=esp_altimeter_evo1 Member=Component R12 Res EIA 0603
Added Member To Class: ClassName=esp_altimeter_evo1 Member=Component R13 Res EIA 0603
Added Member To Class: ClassName=esp_altimeter_evo1 Member=Component SA1 IS-1290
Added Member To Class: ClassName=esp_altimeter_evo1 Member=Component SB1 RESET
Added Member To Class: ClassName=esp_altimeter_evo1 Member=Component X1 Charger_+
Added Member To Class: ClassName=esp_altimeter_evo1 Member=Component X2 Battery+
Added Member To Class: ClassName=esp_altimeter_evo1 Member=Component X3 BatteryGND
Added Member To Class: ClassName=esp_altimeter_evo1 Member=Component X4 Charger_GND
Added Member To Class: ClassName=esp_altimeter_evo1 Member=Component XP1 BM05B-SRSS-TB
Added Room: Name=esp_altimeter_evo1
